2020-01-07 20:22:44,210 mycat [FATAL] this is an emerg message
2020-01-07 20:22:44,211 mycat [FATAL] this is a fatal message.
2020-01-07 20:22:44,211 mycat [ALERT] this is an alert message.
2020-01-07 20:22:44,212 mycat [CRIT] this is a crit message.
2020-01-07 20:22:44,212 mycat [ERROR] this is an error message.
2020-01-07 20:26:51,083 mycat [FATAL] this is an emerg message
2020-01-07 20:26:51,084 mycat [FATAL] this is a fatal message.
2020-01-07 20:26:51,084 mycat [ALERT] this is an alert message.
2020-01-07 20:26:51,085 mycat [CRIT] this is a crit message.
2020-01-07 20:26:51,085 mycat [ERROR] this is an error message.
2020-01-07 20:27:17,937  [FATAL] this is an emerg message
2020-01-07 20:27:17,937  [FATAL] this is a fatal message.
2020-01-07 20:27:17,938  [ALERT] this is an alert message.
2020-01-07 20:27:17,938  [CRIT] this is a crit message.
2020-01-07 20:27:17,938  [ERROR] this is an error message.
2020-01-07 21:23:24,333 mycat [WARN] 0th: a new message helo,world hello wangdao
2020-01-07 21:23:24,334 mycat [ERROR] 0th: a new message helo,world hello wangdao
2020-01-07 21:23:24,334 mycat [WARN] 1th: a new message helo,world hello wangdao
2020-01-07 21:23:24,334 mycat [ERROR] 1th: a new message helo,world hello wangdao
2020-01-07 21:23:24,334 mycat [WARN] 2th: a new message helo,world hello wangdao
2020-01-07 21:23:24,334 mycat [ERROR] 2th: a new message helo,world hello wangdao
2020-01-07 21:23:24,334 mycat [WARN] 3th: a new message helo,world hello wangdao
2020-01-07 21:23:24,334 mycat [ERROR] 3th: a new message helo,world hello wangdao
2020-01-07 21:23:24,334 mycat [WARN] 4th: a new message helo,world hello wangdao
2020-01-07 21:23:24,334 mycat [ERROR] 4th: a new message helo,world hello wangdao
2020-01-07 21:23:24,334 mycat [WARN] 5th: a new message helo,world hello wangdao
2020-01-07 21:23:24,334 mycat [ERROR] 5th: a new message helo,world hello wangdao
2020-01-07 21:23:24,334 mycat [WARN] 6th: a new message helo,world hello wangdao
2020-01-07 21:23:24,334 mycat [ERROR] 6th: a new message helo,world hello wangdao
2020-01-07 21:23:24,334 mycat [WARN] 7th: a new message helo,world hello wangdao
2020-01-07 21:23:24,334 mycat [ERROR] 7th: a new message helo,world hello wangdao
2020-01-07 21:23:24,334 mycat [WARN] 8th: a new message helo,world hello wangdao
2020-01-07 21:23:24,334 mycat [ERROR] 8th: a new message helo,world hello wangdao
2020-01-07 21:23:24,334 mycat [WARN] 9th: a new message helo,world hello wangdao
2020-01-07 21:23:24,334 mycat [ERROR] 9th: a new message helo,world hello wangdao
2020-01-07 21:23:24,334 mycat [WARN] 10th: a new message helo,world hello wangdao
2020-01-07 21:23:24,334 mycat [ERROR] 10th: a new message helo,world hello wangdao
2020-01-07 21:23:24,334 mycat [WARN] 11th: a new message helo,world hello wangdao
2020-01-07 21:23:24,334 mycat [ERROR] 11th: a new message helo,world hello wangdao
2020-01-07 21:23:24,334 mycat [WARN] 12th: a new message helo,world hello wangdao
2020-01-07 21:23:24,334 mycat [ERROR] 12th: a new message helo,world hello wangdao
2020-01-07 21:23:24,334 mycat [WARN] 13th: a new message helo,world hello wangdao
2020-01-07 21:23:24,334 mycat [ERROR] 13th: a new message helo,world hello wangdao
2020-01-07 21:23:24,334 mycat [WARN] 14th: a new message helo,world hello wangdao
2020-01-07 21:23:24,334 mycat [ERROR] 14th: a new message helo,world hello wangdao
2020-01-07 21:23:24,334 mycat [WARN] 15th: a new message helo,world hello wangdao
2020-01-07 21:23:24,334 mycat [ERROR] 15th: a new message helo,world hello wangdao
2020-01-07 21:23:24,334 mycat [WARN] 16th: a new message helo,world hello wangdao
2020-01-07 21:23:24,334 mycat [ERROR] 16th: a new message helo,world hello wangdao
2020-01-07 21:23:24,334 mycat [WARN] 17th: a new message helo,world hello wangdao
2020-01-07 21:23:24,334 mycat [ERROR] 17th: a new message helo,world hello wangdao
2020-01-07 21:23:24,334 mycat [WARN] 18th: a new message helo,world hello wangdao
2020-01-07 21:23:24,334 mycat [ERROR] 18th: a new message helo,world hello wangdao
2020-01-07 21:23:24,334 mycat [WARN] 19th: a new message helo,world hello wangdao
2020-01-07 21:23:24,334 mycat [ERROR] 19th: a new message helo,world hello wangdao
2020-01-07 21:23:24,334 mycat [WARN] 20th: a new message helo,world hello wangdao
2020-01-07 21:23:24,334 mycat [ERROR] 20th: a new message helo,world hello wangdao
2020-01-07 21:23:24,334 mycat [WARN] 21th: a new message helo,world hello wangdao
2020-01-07 21:23:24,334 mycat [ERROR] 21th: a new message helo,world hello wangdao
2020-01-07 21:23:24,334 mycat [WARN] 22th: a new message helo,world hello wangdao
2020-01-07 21:23:24,334 mycat [ERROR] 22th: a new message helo,world hello wangdao
2020-01-07 21:23:24,334 mycat [WARN] 23th: a new message helo,world hello wangdao
2020-01-07 21:23:24,334 mycat [ERROR] 23th: a new message helo,world hello wangdao
2020-01-07 21:23:24,334 mycat [WARN] 24th: a new message helo,world hello wangdao
2020-01-07 21:23:24,334 mycat [ERROR] 24th: a new message helo,world hello wangdao
2020-01-07 21:23:24,334 mycat [WARN] 25th: a new message helo,world hello wangdao
2020-01-07 21:23:24,334 mycat [ERROR] 25th: a new message helo,world hello wangdao
2020-01-07 21:23:24,334 mycat [WARN] 26th: a new message helo,world hello wangdao
2020-01-07 21:23:24,334 mycat [ERROR] 26th: a new message helo,world hello wangdao
2020-01-07 21:23:24,334 mycat [WARN] 27th: a new message helo,world hello wangdao
2020-01-07 21:23:24,334 mycat [ERROR] 27th: a new message helo,world hello wangdao
2020-01-07 21:23:24,334 mycat [WARN] 28th: a new message helo,world hello wangdao
2020-01-07 21:23:24,334 mycat [ERROR] 28th: a new message helo,world hello wangdao
2020-01-07 21:23:24,334 mycat [WARN] 29th: a new message helo,world hello wangdao
2020-01-07 21:23:24,334 mycat [ERROR] 29th: a new message helo,world hello wangdao
2020-01-07 21:23:24,334 mycat [WARN] 30th: a new message helo,world hello wangdao
2020-01-07 21:23:24,334 mycat [ERROR] 30th: a new message helo,world hello wangdao
2020-01-07 21:23:24,334 mycat [WARN] 31th: a new message helo,world hello wangdao
2020-01-07 21:23:24,335 mycat [ERROR] 31th: a new message helo,world hello wangdao
2020-01-07 21:23:24,335 mycat [WARN] 32th: a new message helo,world hello wangdao
2020-01-07 21:23:24,335 mycat [ERROR] 32th: a new message helo,world hello wangdao
2020-01-07 21:23:24,335 mycat [WARN] 33th: a new message helo,world hello wangdao
2020-01-07 21:23:24,335 mycat [ERROR] 33th: a new message helo,world hello wangdao
2020-01-07 21:23:24,335 mycat [WARN] 34th: a new message helo,world hello wangdao
2020-01-07 21:23:24,335 mycat [ERROR] 34th: a new message helo,world hello wangdao
2020-01-07 21:23:24,335 mycat [WARN] 35th: a new message helo,world hello wangdao
2020-01-07 21:23:24,335 mycat [ERROR] 35th: a new message helo,world hello wangdao
2020-01-07 21:23:24,335 mycat [WARN] 36th: a new message helo,world hello wangdao
2020-01-07 21:23:24,335 mycat [ERROR] 36th: a new message helo,world hello wangdao
2020-01-07 21:23:24,335 mycat [WARN] 37th: a new message helo,world hello wangdao
2020-01-07 21:23:24,335 mycat [ERROR] 37th: a new message helo,world hello wangdao
2020-01-07 21:23:24,335 mycat [WARN] 38th: a new message helo,world hello wangdao
2020-01-07 21:23:24,335 mycat [ERROR] 38th: a new message helo,world hello wangdao
2020-01-07 21:23:24,335 mycat [WARN] 39th: a new message helo,world hello wangdao
2020-01-07 21:23:24,335 mycat [ERROR] 39th: a new message helo,world hello wangdao
2020-01-07 21:23:24,335 mycat [WARN] 40th: a new message helo,world hello wangdao
2020-01-07 21:23:24,335 mycat [ERROR] 40th: a new message helo,world hello wangdao
2020-01-07 21:23:24,335 mycat [WARN] 41th: a new message helo,world hello wangdao
2020-01-07 21:23:24,335 mycat [ERROR] 41th: a new message helo,world hello wangdao
2020-01-07 21:23:24,335 mycat [WARN] 42th: a new message helo,world hello wangdao
2020-01-07 21:23:24,335 mycat [ERROR] 42th: a new message helo,world hello wangdao
2020-01-07 21:23:24,335 mycat [WARN] 43th: a new message helo,world hello wangdao
2020-01-07 21:23:24,335 mycat [ERROR] 43th: a new message helo,world hello wangdao
2020-01-07 21:23:24,335 mycat [WARN] 44th: a new message helo,world hello wangdao
2020-01-07 21:23:24,335 mycat [ERROR] 44th: a new message helo,world hello wangdao
2020-01-07 21:23:24,335 mycat [WARN] 45th: a new message helo,world hello wangdao
2020-01-07 21:23:24,335 mycat [ERROR] 45th: a new message helo,world hello wangdao
2020-01-07 21:23:24,335 mycat [WARN] 46th: a new message helo,world hello wangdao
2020-01-07 21:23:24,335 mycat [ERROR] 46th: a new message helo,world hello wangdao
2020-01-07 21:23:24,335 mycat [WARN] 47th: a new message helo,world hello wangdao
2020-01-07 21:23:24,335 mycat [ERROR] 47th: a new message helo,world hello wangdao
2020-01-07 21:23:24,335 mycat [WARN] 48th: a new message helo,world hello wangdao
2020-01-07 21:23:24,335 mycat [ERROR] 48th: a new message helo,world hello wangdao
2020-01-07 21:23:24,335 mycat [WARN] 49th: a new message helo,world hello wangdao
2020-01-07 21:23:24,335 mycat [ERROR] 49th: a new message helo,world hello wangdao
2020-01-07 21:23:24,335 mycat [WARN] 50th: a new message helo,world hello wangdao
2020-01-07 21:23:24,335 mycat [ERROR] 50th: a new message helo,world hello wangdao
2020-01-07 21:23:24,335 mycat [WARN] 51th: a new message helo,world hello wangdao
2020-01-07 21:23:24,335 mycat [ERROR] 51th: a new message helo,world hello wangdao
2020-01-07 21:23:24,335 mycat [WARN] 52th: a new message helo,world hello wangdao
2020-01-07 21:23:24,335 mycat [ERROR] 52th: a new message helo,world hello wangdao
2020-01-07 21:23:24,335 mycat [WARN] 53th: a new message helo,world hello wangdao
2020-01-07 21:23:24,335 mycat [ERROR] 53th: a new message helo,world hello wangdao
2020-01-07 21:23:24,335 mycat [WARN] 54th: a new message helo,world hello wangdao
2020-01-07 21:23:24,335 mycat [ERROR] 54th: a new message helo,world hello wangdao
2020-01-07 21:23:24,335 mycat [WARN] 55th: a new message helo,world hello wangdao
2020-01-07 21:23:24,335 mycat [ERROR] 55th: a new message helo,world hello wangdao
2020-01-07 21:23:24,335 mycat [WARN] 56th: a new message helo,world hello wangdao
2020-01-07 21:23:24,335 mycat [ERROR] 56th: a new message helo,world hello wangdao
2020-01-07 21:23:24,335 mycat [WARN] 57th: a new message helo,world hello wangdao
2020-01-07 21:23:24,335 mycat [ERROR] 57th: a new message helo,world hello wangdao
2020-01-07 21:23:24,335 mycat [WARN] 58th: a new message helo,world hello wangdao
2020-01-07 21:23:24,335 mycat [ERROR] 58th: a new message helo,world hello wangdao
2020-01-07 21:23:24,335 mycat [WARN] 59th: a new message helo,world hello wangdao
2020-01-07 21:23:24,335 mycat [ERROR] 59th: a new message helo,world hello wangdao
2020-01-07 21:23:24,335 mycat [WARN] 60th: a new message helo,world hello wangdao
2020-01-07 21:23:24,335 mycat [ERROR] 60th: a new message helo,world hello wangdao
2020-01-07 21:23:24,335 mycat [WARN] 61th: a new message helo,world hello wangdao
2020-01-07 21:23:24,335 mycat [ERROR] 61th: a new message helo,world hello wangdao
2020-01-07 21:23:24,335 mycat [WARN] 62th: a new message helo,world hello wangdao
2020-01-07 21:23:24,335 mycat [ERROR] 62th: a new message helo,world hello wangdao
2020-01-07 21:23:24,336 mycat [WARN] 63th: a new message helo,world hello wangdao
2020-01-07 21:23:24,336 mycat [ERROR] 63th: a new message helo,world hello wangdao
2020-01-07 21:23:24,336 mycat [WARN] 64th: a new message helo,world hello wangdao
2020-01-07 21:23:24,336 mycat [ERROR] 64th: a new message helo,world hello wangdao
2020-01-07 21:23:24,336 mycat [WARN] 65th: a new message helo,world hello wangdao
2020-01-07 21:23:24,336 mycat [ERROR] 65th: a new message helo,world hello wangdao
2020-01-07 21:23:24,336 mycat [WARN] 66th: a new message helo,world hello wangdao
2020-01-07 21:23:24,336 mycat [ERROR] 66th: a new message helo,world hello wangdao
2020-01-07 21:23:24,336 mycat [WARN] 67th: a new message helo,world hello wangdao
2020-01-07 21:23:24,336 mycat [ERROR] 67th: a new message helo,world hello wangdao
2020-01-07 21:23:24,336 mycat [WARN] 68th: a new message helo,world hello wangdao
2020-01-07 21:23:24,336 mycat [ERROR] 68th: a new message helo,world hello wangdao
2020-01-07 21:23:24,336 mycat [WARN] 69th: a new message helo,world hello wangdao
2020-01-07 21:23:24,336 mycat [ERROR] 69th: a new message helo,world hello wangdao
2020-01-07 21:23:24,336 mycat [WARN] 70th: a new message helo,world hello wangdao
2020-01-07 21:23:24,336 mycat [ERROR] 70th: a new message helo,world hello wangdao
2020-01-07 21:23:24,336 mycat [WARN] 71th: a new message helo,world hello wangdao
2020-01-07 21:23:24,336 mycat [ERROR] 71th: a new message helo,world hello wangdao
2020-01-07 21:23:24,336 mycat [WARN] 72th: a new message helo,world hello wangdao
2020-01-07 21:23:24,336 mycat [ERROR] 72th: a new message helo,world hello wangdao
2020-01-07 21:23:24,336 mycat [WARN] 73th: a new message helo,world hello wangdao
2020-01-07 21:23:24,336 mycat [ERROR] 73th: a new message helo,world hello wangdao
2020-01-07 21:23:24,336 mycat [WARN] 74th: a new message helo,world hello wangdao
2020-01-07 21:23:24,336 mycat [ERROR] 74th: a new message helo,world hello wangdao
2020-01-07 21:23:24,336 mycat [WARN] 75th: a new message helo,world hello wangdao
2020-01-07 21:23:24,336 mycat [ERROR] 75th: a new message helo,world hello wangdao
2020-01-07 21:23:24,336 mycat [WARN] 76th: a new message helo,world hello wangdao
2020-01-07 21:23:24,336 mycat [ERROR] 76th: a new message helo,world hello wangdao
2020-01-07 21:23:24,336 mycat [WARN] 77th: a new message helo,world hello wangdao
2020-01-07 21:23:24,336 mycat [ERROR] 77th: a new message helo,world hello wangdao
2020-01-07 21:23:24,336 mycat [WARN] 78th: a new message helo,world hello wangdao
2020-01-07 21:23:24,336 mycat [ERROR] 78th: a new message helo,world hello wangdao
2020-01-07 21:23:24,336 mycat [WARN] 79th: a new message helo,world hello wangdao
2020-01-07 21:23:24,336 mycat [ERROR] 79th: a new message helo,world hello wangdao
2020-01-07 21:23:24,336 mycat [WARN] 80th: a new message helo,world hello wangdao
2020-01-07 21:23:24,336 mycat [ERROR] 80th: a new message helo,world hello wangdao
2020-01-07 21:23:24,336 mycat [WARN] 81th: a new message helo,world hello wangdao
2020-01-07 21:23:24,336 mycat [ERROR] 81th: a new message helo,world hello wangdao
2020-01-07 21:23:24,336 mycat [WARN] 82th: a new message helo,world hello wangdao
2020-01-07 21:23:24,336 mycat [ERROR] 82th: a new message helo,world hello wangdao
2020-01-07 21:23:24,336 mycat [WARN] 83th: a new message helo,world hello wangdao
2020-01-07 21:23:24,336 mycat [ERROR] 83th: a new message helo,world hello wangdao
2020-01-07 21:23:24,336 mycat [WARN] 84th: a new message helo,world hello wangdao
2020-01-07 21:23:24,336 mycat [ERROR] 84th: a new message helo,world hello wangdao
2020-01-07 21:23:24,336 mycat [WARN] 85th: a new message helo,world hello wangdao
2020-01-07 21:23:24,336 mycat [ERROR] 85th: a new message helo,world hello wangdao
2020-01-07 21:23:24,336 mycat [WARN] 86th: a new message helo,world hello wangdao
2020-01-07 21:23:24,336 mycat [ERROR] 86th: a new message helo,world hello wangdao
2020-01-07 21:23:24,336 mycat [WARN] 87th: a new message helo,world hello wangdao
2020-01-07 21:23:24,336 mycat [ERROR] 87th: a new message helo,world hello wangdao
2020-01-07 21:23:24,337 mycat [WARN] 88th: a new message helo,world hello wangdao
2020-01-07 21:23:24,337 mycat [ERROR] 88th: a new message helo,world hello wangdao
2020-01-07 21:23:24,337 mycat [WARN] 89th: a new message helo,world hello wangdao
2020-01-07 21:23:24,337 mycat [ERROR] 89th: a new message helo,world hello wangdao
2020-01-07 21:23:24,337 mycat [WARN] 90th: a new message helo,world hello wangdao
2020-01-07 21:23:24,337 mycat [ERROR] 90th: a new message helo,world hello wangdao
2020-01-07 21:23:24,337 mycat [WARN] 91th: a new message helo,world hello wangdao
2020-01-07 21:23:24,337 mycat [ERROR] 91th: a new message helo,world hello wangdao
2020-01-07 21:23:24,337 mycat [WARN] 92th: a new message helo,world hello wangdao
2020-01-07 21:23:24,337 mycat [ERROR] 92th: a new message helo,world hello wangdao
2020-01-07 21:23:24,337 mycat [WARN] 93th: a new message helo,world hello wangdao
2020-01-07 21:23:24,337 mycat [ERROR] 93th: a new message helo,world hello wangdao
2020-01-07 21:23:24,337 mycat [WARN] 94th: a new message helo,world hello wangdao
2020-01-07 21:23:24,337 mycat [ERROR] 94th: a new message helo,world hello wangdao
2020-01-07 21:23:24,337 mycat [WARN] 95th: a new message helo,world hello wangdao
2020-01-07 21:23:24,337 mycat [ERROR] 95th: a new message helo,world hello wangdao
2020-01-07 21:23:24,337 mycat [WARN] 96th: a new message helo,world hello wangdao
2020-01-07 21:23:24,337 mycat [ERROR] 96th: a new message helo,world hello wangdao
2020-01-07 21:23:24,337 mycat [WARN] 97th: a new message helo,world hello wangdao
2020-01-07 21:23:24,337 mycat [ERROR] 97th: a new message helo,world hello wangdao
2020-01-07 21:23:24,337 mycat [WARN] 98th: a new message helo,world hello wangdao
2020-01-07 21:23:24,337 mycat [ERROR] 98th: a new message helo,world hello wangdao
2020-01-07 21:23:24,337 mycat [WARN] 99th: a new message helo,world hello wangdao
2020-01-07 21:23:24,337 mycat [ERROR] 99th: a new message helo,world hello wangdao
2020-01-07 21:23:26,765 mycat [WARN] 0th: a new message helo,world hello wangdao
2020-01-07 21:23:26,765 mycat [ERROR] 0th: a new message helo,world hello wangdao
2020-01-07 21:23:26,765 mycat [WARN] 1th: a new message helo,world hello wangdao
2020-01-07 21:23:26,765 mycat [ERROR] 1th: a new message helo,world hello wangdao
2020-01-07 21:23:26,765 mycat [WARN] 2th: a new message helo,world hello wangdao
2020-01-07 21:23:26,765 mycat [ERROR] 2th: a new message helo,world hello wangdao
2020-01-07 21:23:26,765 mycat [WARN] 3th: a new message helo,world hello wangdao
2020-01-07 21:23:26,765 mycat [ERROR] 3th: a new message helo,world hello wangdao
2020-01-07 21:23:26,765 mycat [WARN] 4th: a new message helo,world hello wangdao
2020-01-07 21:23:26,765 mycat [ERROR] 4th: a new message helo,world hello wangdao
2020-01-07 21:23:26,765 mycat [WARN] 5th: a new message helo,world hello wangdao
2020-01-07 21:23:26,765 mycat [ERROR] 5th: a new message helo,world hello wangdao
2020-01-07 21:23:26,765 mycat [WARN] 6th: a new message helo,world hello wangdao
2020-01-07 21:23:26,765 mycat [ERROR] 6th: a new message helo,world hello wangdao
2020-01-07 21:23:26,765 mycat [WARN] 7th: a new message helo,world hello wangdao
2020-01-07 21:23:26,766 mycat [ERROR] 7th: a new message helo,world hello wangdao
2020-01-07 21:23:26,766 mycat [WARN] 8th: a new message helo,world hello wangdao
2020-01-07 21:23:26,766 mycat [ERROR] 8th: a new message helo,world hello wangdao
2020-01-07 21:23:26,766 mycat [WARN] 9th: a new message helo,world hello wangdao
2020-01-07 21:23:26,766 mycat [ERROR] 9th: a new message helo,world hello wangdao
2020-01-07 21:23:26,766 mycat [WARN] 10th: a new message helo,world hello wangdao
2020-01-07 21:23:26,766 mycat [ERROR] 10th: a new message helo,world hello wangdao
2020-01-07 21:23:26,766 mycat [WARN] 11th: a new message helo,world hello wangdao
2020-01-07 21:23:26,766 mycat [ERROR] 11th: a new message helo,world hello wangdao
2020-01-07 21:23:26,766 mycat [WARN] 12th: a new message helo,world hello wangdao
2020-01-07 21:23:26,766 mycat [ERROR] 12th: a new message helo,world hello wangdao
2020-01-07 21:23:26,766 mycat [WARN] 13th: a new message helo,world hello wangdao
2020-01-07 21:23:26,766 mycat [ERROR] 13th: a new message helo,world hello wangdao
2020-01-07 21:23:26,766 mycat [WARN] 14th: a new message helo,world hello wangdao
2020-01-07 21:23:26,766 mycat [ERROR] 14th: a new message helo,world hello wangdao
2020-01-07 21:23:26,766 mycat [WARN] 15th: a new message helo,world hello wangdao
2020-01-07 21:23:26,766 mycat [ERROR] 15th: a new message helo,world hello wangdao
2020-01-07 21:23:26,766 mycat [WARN] 16th: a new message helo,world hello wangdao
2020-01-07 21:23:26,766 mycat [ERROR] 16th: a new message helo,world hello wangdao
2020-01-07 21:23:26,766 mycat [WARN] 17th: a new message helo,world hello wangdao
2020-01-07 21:23:26,766 mycat [ERROR] 17th: a new message helo,world hello wangdao
2020-01-07 21:23:26,766 mycat [WARN] 18th: a new message helo,world hello wangdao
2020-01-07 21:23:26,766 mycat [ERROR] 18th: a new message helo,world hello wangdao
2020-01-07 21:23:26,766 mycat [WARN] 19th: a new message helo,world hello wangdao
2020-01-07 21:23:26,766 mycat [ERROR] 19th: a new message helo,world hello wangdao
2020-01-07 21:23:26,766 mycat [WARN] 20th: a new message helo,world hello wangdao
2020-01-07 21:23:26,766 mycat [ERROR] 20th: a new message helo,world hello wangdao
2020-01-07 21:23:26,766 mycat [WARN] 21th: a new message helo,world hello wangdao
2020-01-07 21:23:26,766 mycat [ERROR] 21th: a new message helo,world hello wangdao
2020-01-07 21:23:26,766 mycat [WARN] 22th: a new message helo,world hello wangdao
2020-01-07 21:23:26,766 mycat [ERROR] 22th: a new message helo,world hello wangdao
2020-01-07 21:23:26,766 mycat [WARN] 23th: a new message helo,world hello wangdao
2020-01-07 21:23:26,766 mycat [ERROR] 23th: a new message helo,world hello wangdao
2020-01-07 21:23:26,766 mycat [WARN] 24th: a new message helo,world hello wangdao
2020-01-07 21:23:26,766 mycat [ERROR] 24th: a new message helo,world hello wangdao
2020-01-07 21:23:26,766 mycat [WARN] 25th: a new message helo,world hello wangdao
2020-01-07 21:23:26,766 mycat [ERROR] 25th: a new message helo,world hello wangdao
2020-01-07 21:23:26,766 mycat [WARN] 26th: a new message helo,world hello wangdao
2020-01-07 21:23:26,767 mycat [ERROR] 26th: a new message helo,world hello wangdao
2020-01-07 21:23:26,767 mycat [WARN] 27th: a new message helo,world hello wangdao
2020-01-07 21:23:26,767 mycat [ERROR] 27th: a new message helo,world hello wangdao
2020-01-07 21:23:26,767 mycat [WARN] 28th: a new message helo,world hello wangdao
2020-01-07 21:23:26,767 mycat [ERROR] 28th: a new message helo,world hello wangdao
2020-01-07 21:23:26,767 mycat [WARN] 29th: a new message helo,world hello wangdao
2020-01-07 21:23:26,767 mycat [ERROR] 29th: a new message helo,world hello wangdao
2020-01-07 21:23:26,767 mycat [WARN] 30th: a new message helo,world hello wangdao
2020-01-07 21:23:26,767 mycat [ERROR] 30th: a new message helo,world hello wangdao
2020-01-07 21:23:26,767 mycat [WARN] 31th: a new message helo,world hello wangdao
2020-01-07 21:23:26,767 mycat [ERROR] 31th: a new message helo,world hello wangdao
2020-01-07 21:23:26,767 mycat [WARN] 32th: a new message helo,world hello wangdao
2020-01-07 21:23:26,767 mycat [ERROR] 32th: a new message helo,world hello wangdao
2020-01-07 21:23:26,767 mycat [WARN] 33th: a new message helo,world hello wangdao
2020-01-07 21:23:26,767 mycat [ERROR] 33th: a new message helo,world hello wangdao
2020-01-07 21:23:26,767 mycat [WARN] 34th: a new message helo,world hello wangdao
2020-01-07 21:23:26,767 mycat [ERROR] 34th: a new message helo,world hello wangdao
2020-01-07 21:23:26,767 mycat [WARN] 35th: a new message helo,world hello wangdao
2020-01-07 21:23:26,767 mycat [ERROR] 35th: a new message helo,world hello wangdao
2020-01-07 21:23:26,767 mycat [WARN] 36th: a new message helo,world hello wangdao
2020-01-07 21:23:26,767 mycat [ERROR] 36th: a new message helo,world hello wangdao
2020-01-07 21:23:26,767 mycat [WARN] 37th: a new message helo,world hello wangdao
2020-01-07 21:23:26,767 mycat [ERROR] 37th: a new message helo,world hello wangdao
2020-01-07 21:23:26,767 mycat [WARN] 38th: a new message helo,world hello wangdao
2020-01-07 21:23:26,767 mycat [ERROR] 38th: a new message helo,world hello wangdao
2020-01-07 21:23:26,767 mycat [WARN] 39th: a new message helo,world hello wangdao
2020-01-07 21:23:26,767 mycat [ERROR] 39th: a new message helo,world hello wangdao
2020-01-07 21:23:26,767 mycat [WARN] 40th: a new message helo,world hello wangdao
2020-01-07 21:23:26,767 mycat [ERROR] 40th: a new message helo,world hello wangdao
2020-01-07 21:23:26,767 mycat [WARN] 41th: a new message helo,world hello wangdao
2020-01-07 21:23:26,767 mycat [ERROR] 41th: a new message helo,world hello wangdao
2020-01-07 21:23:26,767 mycat [WARN] 42th: a new message helo,world hello wangdao
2020-01-07 21:23:26,767 mycat [ERROR] 42th: a new message helo,world hello wangdao
2020-01-07 21:23:26,767 mycat [WARN] 43th: a new message helo,world hello wangdao
2020-01-07 21:23:26,767 mycat [ERROR] 43th: a new message helo,world hello wangdao
2020-01-07 21:23:26,767 mycat [WARN] 44th: a new message helo,world hello wangdao
2020-01-07 21:23:26,767 mycat [ERROR] 44th: a new message helo,world hello wangdao
2020-01-07 21:23:26,767 mycat [WARN] 45th: a new message helo,world hello wangdao
2020-01-07 21:23:26,767 mycat [ERROR] 45th: a new message helo,world hello wangdao
2020-01-07 21:23:26,767 mycat [WARN] 46th: a new message helo,world hello wangdao
2020-01-07 21:23:26,767 mycat [ERROR] 46th: a new message helo,world hello wangdao
2020-01-07 21:23:26,767 mycat [WARN] 47th: a new message helo,world hello wangdao
2020-01-07 21:23:26,767 mycat [ERROR] 47th: a new message helo,world hello wangdao
2020-01-07 21:23:26,767 mycat [WARN] 48th: a new message helo,world hello wangdao
2020-01-07 21:23:26,767 mycat [ERROR] 48th: a new message helo,world hello wangdao
2020-01-07 21:23:26,767 mycat [WARN] 49th: a new message helo,world hello wangdao
2020-01-07 21:23:26,767 mycat [ERROR] 49th: a new message helo,world hello wangdao
2020-01-07 21:23:26,767 mycat [WARN] 50th: a new message helo,world hello wangdao
2020-01-07 21:23:26,767 mycat [ERROR] 50th: a new message helo,world hello wangdao
2020-01-07 21:23:26,767 mycat [WARN] 51th: a new message helo,world hello wangdao
2020-01-07 21:23:26,767 mycat [ERROR] 51th: a new message helo,world hello wangdao
2020-01-07 21:23:26,767 mycat [WARN] 52th: a new message helo,world hello wangdao
2020-01-07 21:23:26,767 mycat [ERROR] 52th: a new message helo,world hello wangdao
2020-01-07 21:23:26,767 mycat [WARN] 53th: a new message helo,world hello wangdao
2020-01-07 21:23:26,767 mycat [ERROR] 53th: a new message helo,world hello wangdao
2020-01-07 21:23:26,767 mycat [WARN] 54th: a new message helo,world hello wangdao
2020-01-07 21:23:26,767 mycat [ERROR] 54th: a new message helo,world hello wangdao
2020-01-07 21:23:26,767 mycat [WARN] 55th: a new message helo,world hello wangdao
2020-01-07 21:23:26,767 mycat [ERROR] 55th: a new message helo,world hello wangdao
2020-01-07 21:23:26,767 mycat [WARN] 56th: a new message helo,world hello wangdao
2020-01-07 21:23:26,767 mycat [ERROR] 56th: a new message helo,world hello wangdao
2020-01-07 21:23:26,767 mycat [WARN] 57th: a new message helo,world hello wangdao
2020-01-07 21:23:26,768 mycat [ERROR] 57th: a new message helo,world hello wangdao
2020-01-07 21:23:26,768 mycat [WARN] 58th: a new message helo,world hello wangdao
2020-01-07 21:23:26,768 mycat [ERROR] 58th: a new message helo,world hello wangdao
2020-01-07 21:23:26,768 mycat [WARN] 59th: a new message helo,world hello wangdao
2020-01-07 21:23:26,768 mycat [ERROR] 59th: a new message helo,world hello wangdao
2020-01-07 21:23:26,768 mycat [WARN] 60th: a new message helo,world hello wangdao
2020-01-07 21:23:26,768 mycat [ERROR] 60th: a new message helo,world hello wangdao
2020-01-07 21:23:26,768 mycat [WARN] 61th: a new message helo,world hello wangdao
2020-01-07 21:23:26,768 mycat [ERROR] 61th: a new message helo,world hello wangdao
2020-01-07 21:23:26,768 mycat [WARN] 62th: a new message helo,world hello wangdao
2020-01-07 21:23:26,768 mycat [ERROR] 62th: a new message helo,world hello wangdao
2020-01-07 21:23:26,768 mycat [WARN] 63th: a new message helo,world hello wangdao
2020-01-07 21:23:26,768 mycat [ERROR] 63th: a new message helo,world hello wangdao
2020-01-07 21:23:26,768 mycat [WARN] 64th: a new message helo,world hello wangdao
2020-01-07 21:23:26,768 mycat [ERROR] 64th: a new message helo,world hello wangdao
2020-01-07 21:23:26,768 mycat [WARN] 65th: a new message helo,world hello wangdao
2020-01-07 21:23:26,768 mycat [ERROR] 65th: a new message helo,world hello wangdao
2020-01-07 21:23:26,768 mycat [WARN] 66th: a new message helo,world hello wangdao
2020-01-07 21:23:26,768 mycat [ERROR] 66th: a new message helo,world hello wangdao
2020-01-07 21:23:26,768 mycat [WARN] 67th: a new message helo,world hello wangdao
2020-01-07 21:23:26,768 mycat [ERROR] 67th: a new message helo,world hello wangdao
2020-01-07 21:23:26,768 mycat [WARN] 68th: a new message helo,world hello wangdao
2020-01-07 21:23:26,768 mycat [ERROR] 68th: a new message helo,world hello wangdao
2020-01-07 21:23:26,768 mycat [WARN] 69th: a new message helo,world hello wangdao
2020-01-07 21:23:26,768 mycat [ERROR] 69th: a new message helo,world hello wangdao
2020-01-07 21:23:26,768 mycat [WARN] 70th: a new message helo,world hello wangdao
2020-01-07 21:23:26,768 mycat [ERROR] 70th: a new message helo,world hello wangdao
2020-01-07 21:23:26,768 mycat [WARN] 71th: a new message helo,world hello wangdao
2020-01-07 21:23:26,768 mycat [ERROR] 71th: a new message helo,world hello wangdao
2020-01-07 21:23:26,768 mycat [WARN] 72th: a new message helo,world hello wangdao
2020-01-07 21:23:26,768 mycat [ERROR] 72th: a new message helo,world hello wangdao
2020-01-07 21:23:26,768 mycat [WARN] 73th: a new message helo,world hello wangdao
2020-01-07 21:23:26,768 mycat [ERROR] 73th: a new message helo,world hello wangdao
2020-01-07 21:23:26,768 mycat [WARN] 74th: a new message helo,world hello wangdao
2020-01-07 21:23:26,768 mycat [ERROR] 74th: a new message helo,world hello wangdao
2020-01-07 21:23:26,768 mycat [WARN] 75th: a new message helo,world hello wangdao
2020-01-07 21:23:26,768 mycat [ERROR] 75th: a new message helo,world hello wangdao
2020-01-07 21:23:26,768 mycat [WARN] 76th: a new message helo,world hello wangdao
2020-01-07 21:23:26,768 mycat [ERROR] 76th: a new message helo,world hello wangdao
2020-01-07 21:23:26,768 mycat [WARN] 77th: a new message helo,world hello wangdao
2020-01-07 21:23:26,768 mycat [ERROR] 77th: a new message helo,world hello wangdao
2020-01-07 21:23:26,768 mycat [WARN] 78th: a new message helo,world hello wangdao
2020-01-07 21:23:26,768 mycat [ERROR] 78th: a new message helo,world hello wangdao
2020-01-07 21:23:26,768 mycat [WARN] 79th: a new message helo,world hello wangdao
2020-01-07 21:23:26,768 mycat [ERROR] 79th: a new message helo,world hello wangdao
2020-01-07 21:23:26,768 mycat [WARN] 80th: a new message helo,world hello wangdao
2020-01-07 21:23:26,768 mycat [ERROR] 80th: a new message helo,world hello wangdao
2020-01-07 21:23:26,768 mycat [WARN] 81th: a new message helo,world hello wangdao
2020-01-07 21:23:26,768 mycat [ERROR] 81th: a new message helo,world hello wangdao
2020-01-07 21:23:26,768 mycat [WARN] 82th: a new message helo,world hello wangdao
2020-01-07 21:23:26,768 mycat [ERROR] 82th: a new message helo,world hello wangdao
2020-01-07 21:23:26,768 mycat [WARN] 83th: a new message helo,world hello wangdao
2020-01-07 21:23:26,768 mycat [ERROR] 83th: a new message helo,world hello wangdao
2020-01-07 21:23:26,768 mycat [WARN] 84th: a new message helo,world hello wangdao
2020-01-07 21:23:26,768 mycat [ERROR] 84th: a new message helo,world hello wangdao
2020-01-07 21:23:26,768 mycat [WARN] 85th: a new message helo,world hello wangdao
2020-01-07 21:23:26,768 mycat [ERROR] 85th: a new message helo,world hello wangdao
2020-01-07 21:23:26,768 mycat [WARN] 86th: a new message helo,world hello wangdao
2020-01-07 21:23:26,768 mycat [ERROR] 86th: a new message helo,world hello wangdao
2020-01-07 21:23:26,768 mycat [WARN] 87th: a new message helo,world hello wangdao
2020-01-07 21:23:26,768 mycat [ERROR] 87th: a new message helo,world hello wangdao
2020-01-07 21:23:26,768 mycat [WARN] 88th: a new message helo,world hello wangdao
2020-01-07 21:23:26,768 mycat [ERROR] 88th: a new message helo,world hello wangdao
2020-01-07 21:23:26,769 mycat [WARN] 89th: a new message helo,world hello wangdao
2020-01-07 21:23:26,769 mycat [ERROR] 89th: a new message helo,world hello wangdao
2020-01-07 21:23:26,769 mycat [WARN] 90th: a new message helo,world hello wangdao
2020-01-07 21:23:26,769 mycat [ERROR] 90th: a new message helo,world hello wangdao
2020-01-07 21:23:26,769 mycat [WARN] 91th: a new message helo,world hello wangdao
2020-01-07 21:23:26,769 mycat [ERROR] 91th: a new message helo,world hello wangdao
2020-01-07 21:23:26,769 mycat [WARN] 92th: a new message helo,world hello wangdao
2020-01-07 21:23:26,769 mycat [ERROR] 92th: a new message helo,world hello wangdao
2020-01-07 21:23:26,769 mycat [WARN] 93th: a new message helo,world hello wangdao
2020-01-07 21:23:26,769 mycat [ERROR] 93th: a new message helo,world hello wangdao
2020-01-07 21:23:26,769 mycat [WARN] 94th: a new message helo,world hello wangdao
2020-01-07 21:23:26,769 mycat [ERROR] 94th: a new message helo,world hello wangdao
2020-01-07 21:23:26,769 mycat [WARN] 95th: a new message helo,world hello wangdao
2020-01-07 21:23:26,769 mycat [ERROR] 95th: a new message helo,world hello wangdao
2020-01-07 21:23:26,769 mycat [WARN] 96th: a new message helo,world hello wangdao
2020-01-07 21:23:26,769 mycat [ERROR] 96th: a new message helo,world hello wangdao
2020-01-07 21:23:26,769 mycat [WARN] 97th: a new message helo,world hello wangdao
2020-01-07 21:23:26,769 mycat [ERROR] 97th: a new message helo,world hello wangdao
2020-01-07 21:23:26,769 mycat [WARN] 98th: a new message helo,world hello wangdao
2020-01-07 21:23:26,769 mycat [ERROR] 98th: a new message helo,world hello wangdao
2020-01-07 21:23:26,769 mycat [WARN] 99th: a new message helo,world hello wangdao
2020-01-07 21:23:26,769 mycat [ERROR] 99th: a new message helo,world hello wangdao
