Determining if the pthread_create exist failed with the following output:
Change Dir: /home/wade/catkin_ws1/build/CMakeFiles/CMakeTmp

Run Build Command:"/usr/bin/make" "cmTC_132ab/fast"
/usr/bin/make -f CMakeFiles/cmTC_132ab.dir/build.make CMakeFiles/cmTC_132ab.dir/build
make[1]: Entering directory '/home/wade/catkin_ws1/build/CMakeFiles/CMakeTmp'
Building C object CMakeFiles/cmTC_132ab.dir/CheckSymbolExists.c.o
/usr/bin/cc    -o CMakeFiles/cmTC_132ab.dir/CheckSymbolExists.c.o   -c /home/wade/catkin_ws1/build/CMakeFiles/CMakeTmp/CheckSymbolExists.c
Linking C executable cmTC_132ab
/usr/bin/cmake -E cmake_link_script CMakeFiles/cmTC_132ab.dir/link.txt --verbose=1
/usr/bin/cc      -rdynamic CMakeFiles/cmTC_132ab.dir/CheckSymbolExists.c.o  -o cmTC_132ab 
CMakeFiles/cmTC_132ab.dir/CheckSymbolExists.c.o: In function `main':
CheckSymbolExists.c:(.text+0x1b): undefined reference to `pthread_create'
collect2: error: ld returned 1 exit status
CMakeFiles/cmTC_132ab.dir/build.make:97: recipe for target 'cmTC_132ab' failed
make[1]: *** [cmTC_132ab] Error 1
make[1]: Leaving directory '/home/wade/catkin_ws1/build/CMakeFiles/CMakeTmp'
Makefile:126: recipe for target 'cmTC_132ab/fast' failed
make: *** [cmTC_132ab/fast] Error 2

File /home/wade/catkin_ws1/build/CMakeFiles/CMakeTmp/CheckSymbolExists.c:
/* */
#include <pthread.h>

int main(int argc, char** argv)
{
  (void)argv;
#ifndef pthread_create
  return ((int*)(&pthread_create))[argc];
#else
  (void)argc;
  return 0;
#endif
}

Determining if the function pthread_create exists in the pthreads failed with the following output:
Change Dir: /home/wade/catkin_ws1/build/CMakeFiles/CMakeTmp

Run Build Command:"/usr/bin/make" "cmTC_7c812/fast"
/usr/bin/make -f CMakeFiles/cmTC_7c812.dir/build.make CMakeFiles/cmTC_7c812.dir/build
make[1]: Entering directory '/home/wade/catkin_ws1/build/CMakeFiles/CMakeTmp'
Building C object CMakeFiles/cmTC_7c812.dir/CheckFunctionExists.c.o
/usr/bin/cc   -DCHECK_FUNCTION_EXISTS=pthread_create   -o CMakeFiles/cmTC_7c812.dir/CheckFunctionExists.c.o   -c /usr/share/cmake-3.10/Modules/CheckFunctionExists.c
Linking C executable cmTC_7c812
/usr/bin/cmake -E cmake_link_script CMakeFiles/cmTC_7c812.dir/link.txt --verbose=1
/usr/bin/cc  -DCHECK_FUNCTION_EXISTS=pthread_create    -rdynamic CMakeFiles/cmTC_7c812.dir/CheckFunctionExists.c.o  -o cmTC_7c812 -lpthreads 
/usr/bin/ld: cannot find -lpthreads
collect2: error: ld returned 1 exit status
CMakeFiles/cmTC_7c812.dir/build.make:97: recipe for target 'cmTC_7c812' failed
make[1]: *** [cmTC_7c812] Error 1
make[1]: Leaving directory '/home/wade/catkin_ws1/build/CMakeFiles/CMakeTmp'
Makefile:126: recipe for target 'cmTC_7c812/fast' failed
make: *** [cmTC_7c812/fast] Error 2


